  ChartAxis.cpp
D:\MFCProject\LAB2\LAB2\ChartCtrl\ChartCtrl.h(235,48): error C2535: 'CChartSerie *CChartCtrl::GetSerie(size_t) const': member function already defined or declared
D:\MFCProject\LAB2\LAB2\ChartCtrl\ChartCtrl.h(228): message : see declaration of 'CChartCtrl::GetSerie'
  ChartAxisLabel.cpp
D:\MFCProject\LAB2\LAB2\ChartCtrl\ChartCtrl.h(235,48): error C2535: 'CChartSerie *CChartCtrl::GetSerie(size_t) const': member function already defined or declared
D:\MFCProject\LAB2\LAB2\ChartCtrl\ChartCtrl.h(228): message : see declaration of 'CChartCtrl::GetSerie'
  ChartBarSerie.cpp
D:\MFCProject\LAB2\LAB2\ChartCtrl\ChartCtrl.h(235,48): error C2535: 'CChartSerie *CChartCtrl::GetSerie(size_t) const': member function already defined or declared
D:\MFCProject\LAB2\LAB2\ChartCtrl\ChartCtrl.h(228): message : see declaration of 'CChartCtrl::GetSerie'
  ChartCandlestickSerie.cpp
D:\MFCProject\LAB2\LAB2\ChartCtrl\ChartCtrl.h(235,48): error C2535: 'CChartSerie *CChartCtrl::GetSerie(size_t) const': member function already defined or declared
D:\MFCProject\LAB2\LAB2\ChartCtrl\ChartCtrl.h(228): message : see declaration of 'CChartCtrl::GetSerie'
  ChartCrossHairCursor.cpp
D:\MFCProject\LAB2\LAB2\ChartCtrl\ChartCtrl.h(235,48): error C2535: 'CChartSerie *CChartCtrl::GetSerie(size_t) const': member function already defined or declared
D:\MFCProject\LAB2\LAB2\ChartCtrl\ChartCtrl.h(228): message : see declaration of 'CChartCtrl::GetSerie'
  ChartCtrl.cpp
D:\MFCProject\LAB2\LAB2\ChartCtrl\ChartCtrl.h(235,48): error C2535: 'CChartSerie *CChartCtrl::GetSerie(size_t) const': member function already defined or declared
D:\MFCProject\LAB2\LAB2\ChartCtrl\ChartCtrl.h(228): message : see declaration of 'CChartCtrl::GetSerie'
  ChartCursor.cpp
D:\MFCProject\LAB2\LAB2\ChartCtrl\ChartCtrl.h(235,48): error C2535: 'CChartSerie *CChartCtrl::GetSerie(size_t) const': member function already defined or declared
D:\MFCProject\LAB2\LAB2\ChartCtrl\ChartCtrl.h(228): message : see declaration of 'CChartCtrl::GetSerie'
  ChartDateTimeAxis.cpp
D:\MFCProject\LAB2\LAB2\ChartCtrl\ChartCtrl.h(235,48): error C2535: 'CChartSerie *CChartCtrl::GetSerie(size_t) const': member function already defined or declared
D:\MFCProject\LAB2\LAB2\ChartCtrl\ChartCtrl.h(228): message : see declaration of 'CChartCtrl::GetSerie'
  ChartDragLineCursor.cpp
D:\MFCProject\LAB2\LAB2\ChartCtrl\ChartCtrl.h(235,48): error C2535: 'CChartSerie *CChartCtrl::GetSerie(size_t) const': member function already defined or declared
D:\MFCProject\LAB2\LAB2\ChartCtrl\ChartCtrl.h(228): message : see declaration of 'CChartCtrl::GetSerie'
  ChartGanttSerie.cpp
D:\MFCProject\LAB2\LAB2\ChartCtrl\ChartCtrl.h(235,48): error C2535: 'CChartSerie *CChartCtrl::GetSerie(size_t) const': member function already defined or declared
D:\MFCProject\LAB2\LAB2\ChartCtrl\ChartCtrl.h(228): message : see declaration of 'CChartCtrl::GetSerie'
  ChartGrid.cpp
D:\MFCProject\LAB2\LAB2\ChartCtrl\ChartCtrl.h(235,48): error C2535: 'CChartSerie *CChartCtrl::GetSerie(size_t) const': member function already defined or declared
D:\MFCProject\LAB2\LAB2\ChartCtrl\ChartCtrl.h(228): message : see declaration of 'CChartCtrl::GetSerie'
  ChartLegend.cpp
D:\MFCProject\LAB2\LAB2\ChartCtrl\ChartCtrl.h(235,48): error C2535: 'CChartSerie *CChartCtrl::GetSerie(size_t) const': member function already defined or declared
D:\MFCProject\LAB2\LAB2\ChartCtrl\ChartCtrl.h(228): message : see declaration of 'CChartCtrl::GetSerie'
  ChartLineSerie.cpp
D:\MFCProject\LAB2\LAB2\ChartCtrl\ChartCtrl.h(235,48): error C2535: 'CChartSerie *CChartCtrl::GetSerie(size_t) const': member function already defined or declared
D:\MFCProject\LAB2\LAB2\ChartCtrl\ChartCtrl.h(228): message : see declaration of 'CChartCtrl::GetSerie'
  ChartLogarithmicAxis.cpp
D:\MFCProject\LAB2\LAB2\ChartCtrl\ChartCtrl.h(235,48): error C2535: 'CChartSerie *CChartCtrl::GetSerie(size_t) const': member function already defined or declared
D:\MFCProject\LAB2\LAB2\ChartCtrl\ChartCtrl.h(228): message : see declaration of 'CChartCtrl::GetSerie'
  ChartPointsSerie.cpp
D:\MFCProject\LAB2\LAB2\ChartCtrl\ChartCtrl.h(235,48): error C2535: 'CChartSerie *CChartCtrl::GetSerie(size_t) const': member function already defined or declared
D:\MFCProject\LAB2\LAB2\ChartCtrl\ChartCtrl.h(228): message : see declaration of 'CChartCtrl::GetSerie'
  ChartScrollBar.cpp
D:\MFCProject\LAB2\LAB2\ChartCtrl\ChartCtrl.h(235,48): error C2535: 'CChartSerie *CChartCtrl::GetSerie(size_t) const': member function already defined or declared
D:\MFCProject\LAB2\LAB2\ChartCtrl\ChartCtrl.h(228): message : see declaration of 'CChartCtrl::GetSerie'
  ChartSerie.cpp
D:\MFCProject\LAB2\LAB2\ChartCtrl\ChartCtrl.h(235,48): error C2535: 'CChartSerie *CChartCtrl::GetSerie(size_t) const': member function already defined or declared
D:\MFCProject\LAB2\LAB2\ChartCtrl\ChartCtrl.h(228): message : see declaration of 'CChartCtrl::GetSerie'
  ChartStandardAxis.cpp
D:\MFCProject\LAB2\LAB2\ChartCtrl\ChartCtrl.h(235,48): error C2535: 'CChartSerie *CChartCtrl::GetSerie(size_t) const': member function already defined or declared
D:\MFCProject\LAB2\LAB2\ChartCtrl\ChartCtrl.h(228): message : see declaration of 'CChartCtrl::GetSerie'
  ChartSurfaceSerie.cpp
D:\MFCProject\LAB2\LAB2\ChartCtrl\ChartCtrl.h(235,48): error C2535: 'CChartSerie *CChartCtrl::GetSerie(size_t) const': member function already defined or declared
D:\MFCProject\LAB2\LAB2\ChartCtrl\ChartCtrl.h(228): message : see declaration of 'CChartCtrl::GetSerie'
  ChartTitle.cpp
D:\MFCProject\LAB2\LAB2\ChartCtrl\ChartCtrl.h(235,48): error C2535: 'CChartSerie *CChartCtrl::GetSerie(size_t) const': member function already defined or declared
D:\MFCProject\LAB2\LAB2\ChartCtrl\ChartCtrl.h(228): message : see declaration of 'CChartCtrl::GetSerie'
  Generating Code...
  Compiling...
  ChartXYSerie.cpp
D:\MFCProject\LAB2\LAB2\ChartCtrl\ChartCtrl.h(235,48): error C2535: 'CChartSerie *CChartCtrl::GetSerie(size_t) const': member function already defined or declared
D:\MFCProject\LAB2\LAB2\ChartCtrl\ChartCtrl.h(228): message : see declaration of 'CChartCtrl::GetSerie'
  LAB2.cpp
D:\MFCProject\LAB2\LAB2\ChartCtrl\ChartCtrl.h(235,48): error C2535: 'CChartSerie *CChartCtrl::GetSerie(size_t) const': member function already defined or declared
D:\MFCProject\LAB2\LAB2\ChartCtrl\ChartCtrl.h(228): message : see declaration of 'CChartCtrl::GetSerie'
  LAB2Dlg.cpp
D:\MFCProject\LAB2\LAB2\ChartCtrl\ChartCtrl.h(235,48): error C2535: 'CChartSerie *CChartCtrl::GetSerie(size_t) const': member function already defined or declared
D:\MFCProject\LAB2\LAB2\ChartCtrl\ChartCtrl.h(228): message : see declaration of 'CChartCtrl::GetSerie'
D:\MFCProject\LAB2\LAB2\LAB2Dlg.cpp(678,20): warning C4244: 'initializing': conversion from 'double' to 'float', possible loss of data
D:\MFCProject\LAB2\LAB2\LAB2Dlg.cpp(695,62): warning C4244: 'argument': conversion from 'double' to 'float', possible loss of data
  Generating Code...
