c:\users\home\desktop\test_tiep\dldkmt\lab2\lab2\lab2\x64\debug\lab2.pch
c:\users\home\desktop\test_tiep\dldkmt\lab2\lab2\lab2\x64\debug\vc142.pdb
c:\users\home\desktop\test_tiep\dldkmt\lab2\lab2\lab2\x64\debug\vc142.idb
c:\users\home\desktop\test_tiep\dldkmt\lab2\lab2\lab2\x64\debug\pch.obj
c:\users\home\desktop\test_tiep\dldkmt\lab2\lab2\lab2\x64\debug\chartstandardaxis.obj
c:\users\home\desktop\test_tiep\dldkmt\lab2\lab2\lab2\x64\debug\chartserie.obj
c:\users\home\desktop\test_tiep\dldkmt\lab2\lab2\lab2\x64\debug\chartscrollbar.obj
c:\users\home\desktop\test_tiep\dldkmt\lab2\lab2\lab2\x64\debug\chartpointsserie.obj
c:\users\home\desktop\test_tiep\dldkmt\lab2\lab2\lab2\x64\debug\chartlogarithmicaxis.obj
c:\users\home\desktop\test_tiep\dldkmt\lab2\lab2\lab2\x64\debug\chartlineserie.obj
c:\users\home\desktop\test_tiep\dldkmt\lab2\lab2\lab2\x64\debug\chartlegend.obj
c:\users\home\desktop\test_tiep\dldkmt\lab2\lab2\lab2\x64\debug\chartgrid.obj
c:\users\home\desktop\test_tiep\dldkmt\lab2\lab2\lab2\x64\debug\chartgradient.obj
c:\users\home\desktop\test_tiep\dldkmt\lab2\lab2\lab2\x64\debug\chartganttserie.obj
c:\users\home\desktop\test_tiep\dldkmt\lab2\lab2\lab2\x64\debug\chartfont.obj
c:\users\home\desktop\test_tiep\dldkmt\lab2\lab2\lab2\x64\debug\chartdraglinecursor.obj
c:\users\home\desktop\test_tiep\dldkmt\lab2\lab2\lab2\x64\debug\chartdatetimeaxis.obj
c:\users\home\desktop\test_tiep\dldkmt\lab2\lab2\lab2\x64\debug\chartcursor.obj
c:\users\home\desktop\test_tiep\dldkmt\lab2\lab2\lab2\x64\debug\chartctrl.obj
c:\users\home\desktop\test_tiep\dldkmt\lab2\lab2\lab2\x64\debug\chartcrosshaircursor.obj
c:\users\home\desktop\test_tiep\dldkmt\lab2\lab2\lab2\x64\debug\chartcandlestickserie.obj
c:\users\home\desktop\test_tiep\dldkmt\lab2\lab2\lab2\x64\debug\chartbarserie.obj
c:\users\home\desktop\test_tiep\dldkmt\lab2\lab2\lab2\x64\debug\chartaxislabel.obj
c:\users\home\desktop\test_tiep\dldkmt\lab2\lab2\lab2\x64\debug\ultil.obj
c:\users\home\desktop\test_tiep\dldkmt\lab2\lab2\lab2\x64\debug\serialctrl.obj
c:\users\home\desktop\test_tiep\dldkmt\lab2\lab2\lab2\x64\debug\motiongenerator.obj
c:\users\home\desktop\test_tiep\dldkmt\lab2\lab2\lab2\x64\debug\lab2dlg.obj
c:\users\home\desktop\test_tiep\dldkmt\lab2\lab2\lab2\x64\debug\lab2.obj
c:\users\home\desktop\test_tiep\dldkmt\lab2\lab2\lab2\x64\debug\chartxyserie.obj
c:\users\home\desktop\test_tiep\dldkmt\lab2\lab2\lab2\x64\debug\charttitle.obj
c:\users\home\desktop\test_tiep\dldkmt\lab2\lab2\lab2\x64\debug\chartsurfaceserie.obj
c:\users\home\desktop\test_tiep\dldkmt\lab2\lab2\lab2\x64\debug\lab2.tlog\cl.command.1.tlog
c:\users\home\desktop\test_tiep\dldkmt\lab2\lab2\lab2\x64\debug\lab2.tlog\cl.read.1.tlog
c:\users\home\desktop\test_tiep\dldkmt\lab2\lab2\lab2\x64\debug\lab2.tlog\cl.write.1.tlog
